WARNING: FITSFixedWarning: RADECSYS= 'FK5 ' / Coordinate system 
the RADECSYS keyword is deprecated, use RADESYSa. [astropy.wcs.wcs]
Run binned pipeline
obsfilename: obs_crab.xml
simfilename: Generated_Maps/Map_1.xml
analysisfilename: 
runconffilename: run_crab.xml
eventfilename: 
postanalysis: 
run
Open observation
observation
prod2
fk5
TSTART 0.0
=== GCTAObservation ===
 Name ......................: 
 Identifier ................: 1
 Instrument ................: CTA
 Event file ................: 
 Event type ................: EventList
 Statistic .................: cstat
 Ontime ....................: 43200 s
 Livetime ..................: 43200 s
 Deadtime correction .......: 1
 User energy range .........: undefined
=== GCTAPointing ===
 Pointing direction ........: (RA,Dec)=(220,45)
=== GCTAResponseIrf ===
 Caldb mission .............: cta
 Caldb instrument ..........: prod2
 Response name .............: South_0.5h
 Energy dispersion .........: Not used
 Save energy range .........: undefined
=== GCTAEventList ===
 Number of events ..........: 0 (disposed without possibility to recover)
 Time interval .............: 55197.0007660185 - 55197.5007660185 days
 Energy interval ...........: 0.1 - 100 TeV
 Region of interest ........: RA=220, DEC=45 [0,0] Radius=10 deg
=== GSkyRegions ===
 Number of regions .........: 0
pointing ra  220.0 dec 45.0 frame fk5
point roi ra 220.0 dec 45.0 frame fk5
run   roi ra 222.0 dec 45.0 frame fk5
# Generate simulated event list on disk
=== GApplication ===
 Name ......................: ctobssim
 Version ...................: 1.6.0.dev1
 inobs .....................: NONE
 inmodel ...................: sigma4.xml
 caldb .....................: prod2
 irf .......................: South_0.5h
 edisp .....................: no
 outevents .................: events.fits
 prefix ....................: sim_events_
 startindex ................: 1
 seed ......................: 0
 ra ........................: 220
 dec .......................: 45
 rad .......................: 10
 tmin ......................: 2020-01-01T00:00:00
 tmax ......................: 2020-01-01T00:15:00
 emin ......................: 0.1
 emax ......................: 100.0
 deadc .....................: 0.98
 maxrate ...................: 1.0e6
 eslices ...................: 10
 publish ...................: no
 chatter ...................: 2
 clobber ...................: yes
 debug .....................: no
 mode ......................: ql
 logfile ...................: ctobssim.log
# Select event list from disk
select --
=== GApplication ===
 Name ......................: ctselect
 Version ...................: 1.6.0.dev1
 inobs .....................: events.fits
 outobs ....................: selected_events.fits
 prefix ....................: selected_
 usepnt ....................: no
 ra ........................: 222
 dec .......................: 45
 rad .......................: 10
 tmin ......................: MJD 55197.0007660185
 tmax ......................: MJD 55197.0224326852
 emin ......................: 0.1
 emax ......................: 100
 phase .....................: NONE
 expr ......................: 
 usethres ..................: NONE
 publish ...................: no
 chatter ...................: 2
 clobber ...................: yes
 debug .....................: no
 mode ......................: ql
 logfile ...................: ctselect.log
select --
Event list generated ----------------------
=== GObservations ===
 Number of observations ....: 1
 Number of models ..........: 2
 Number of observed events .: 0
 Number of predicted events : 0
obs --
=== GCTAObservation ===
 Name ......................: 
 Identifier ................: 1
 Instrument ................: CTA
 Event file ................: 
 Event type ................: EventList
 Statistic .................: cstat
 Ontime ....................: 43200 s
 Livetime ..................: 43200 s
 Deadtime correction .......: 1
 User energy range .........: undefined
=== GCTAPointing ===
 Pointing direction ........: (RA,Dec)=(220,45)
=== GCTAResponseIrf ===
 Caldb mission .............: cta
 Caldb instrument ..........: prod2
 Response name .............: South_0.5h
 Energy dispersion .........: Not used
 Save energy range .........: undefined
=== GCTAEventList ===
 Number of events ..........: 0 (disposed without possibility to recover)
 Time interval .............: 55197.0007660185 - 55197.5007660185 days
 Energy interval ...........: 0.1 - 100 TeV
 Region of interest ........: RA=220, DEC=45 [0,0] Radius=10 deg
=== GSkyRegions ===
 Number of regions .........: 0
obs 0 --
run ---selected_events.fits
=== GCTAObservation ===
 Name ......................: 
 Identifier ................: 1
 Instrument ................: CTA
 Event file ................: 
 Event type ................: EventList
 Statistic .................: cstat
 Ontime ....................: 43200 s
 Livetime ..................: 43200 s
 Deadtime correction .......: 1
 User energy range .........: undefined
=== GCTAPointing ===
 Pointing direction ........: (RA,Dec)=(220,45)
=== GCTAResponseIrf ===
 Caldb mission .............: cta
 Caldb instrument ..........: prod2
 Response name .............: South_0.5h
 Energy dispersion .........: Not used
 Save energy range .........: undefined
=== GCTAEventList ===
 Number of events ..........: 0 (disposed without possibility to recover)
 Time interval .............: 55197.0007660185 - 55197.5007660185 days
 Energy interval ...........: 0.1 - 100 TeV
 Region of interest ........: RA=220, DEC=45 [0,0] Radius=10 deg
=== GSkyRegions ===
 Number of regions .........: 0
track_1
/home/archoli/GitHub/gammasearch
/ANALYSIS3/CTA-SOUTH/DREVT_CTA_O3/ctools-lc_LC10s/T430579548_430579558/
track_2
prod2
analysisfilename: 
