2018-11-27T13:45:52: ********************************************************************************
2018-11-27T13:45:52: *                                     ctbin                                    *
2018-11-27T13:45:52: * ---------------------------------------------------------------------------- *
2018-11-27T13:45:52: * Version: 1.6.0.dev1                                                          *
2018-11-27T13:45:52: ********************************************************************************
2018-11-27T13:46:24: +============+
2018-11-27T13:46:24: | Parameters |
2018-11-27T13:46:24: +============+
2018-11-27T13:46:24:  inobs .....................: events.fits
2018-11-27T13:46:24:  outcube ...................: cube.fits
2018-11-27T13:46:24:  ebinalg ...................: LOG
2018-11-27T13:46:24:  emin ......................: 0.1
2018-11-27T13:46:24:  emax ......................: 100
2018-11-27T13:46:24:  enumbins ..................: 1
2018-11-27T13:46:24:  ebinfile ..................: [not queried]
2018-11-27T13:46:24:  usepnt ....................: no
2018-11-27T13:46:24:  nxpix .....................: 200
2018-11-27T13:46:24:  nypix .....................: 200
2018-11-27T13:46:24:  binsz .....................: 0.02
2018-11-27T13:46:24:  coordsys ..................: CEL
2018-11-27T13:46:24:  proj ......................: CAR
2018-11-27T13:46:24:  xref ......................: 220
2018-11-27T13:46:24:  yref ......................: 45
2018-11-27T13:46:24:  publish ...................: no
2018-11-27T13:46:24:  chatter ...................: 2
2018-11-27T13:46:24:  clobber ...................: yes
2018-11-27T13:46:24:  debug .....................: no
2018-11-27T13:46:24:  mode ......................: ql
2018-11-27T13:46:24:  logfile ...................: ctbin.log
2018-11-27T13:46:24: 
2018-11-27T13:46:24: +===================+
2018-11-27T13:46:24: | Input observation |
2018-11-27T13:46:24: +===================+
2018-11-27T13:46:24: === GObservations ===
2018-11-27T13:46:24:  Number of observations ....: 1
2018-11-27T13:46:24:  Number of models ..........: 0
2018-11-27T13:46:24:  Number of observed events .: 9995
2018-11-27T13:46:24:  Number of predicted events : 0
2018-11-27T13:46:24: 
2018-11-27T13:46:24: +===========================+
2018-11-27T13:46:24: | Find unbinned observation |
2018-11-27T13:46:24: +===========================+
2018-11-27T13:46:24: === CTA observation (id=000001) ===
2018-11-27T13:46:24:  Including unbinned CTA observation
2018-11-27T13:46:24: 
2018-11-27T13:46:24: +=================+
2018-11-27T13:46:24: | Bin observation |
2018-11-27T13:46:24: +=================+
2018-11-27T13:46:24: === CTA observation (id=000001) ===
2018-11-27T13:46:24:  Events in list ............: 9995
2018-11-27T13:46:24:  Events in cube ............: 7686
2018-11-27T13:46:24:  Events outside RoI ........: 0
2018-11-27T13:46:24:  Events with invalid WCS ...: 0
2018-11-27T13:46:24:  Events outside cube area ..: 2309
2018-11-27T13:46:24:  Events outside energy bins : 0
2018-11-27T13:46:24: 
2018-11-27T13:46:24: +====================+
2018-11-27T13:46:24: | Binned observation |
2018-11-27T13:46:24: +====================+
2018-11-27T13:46:24: === GObservations ===
2018-11-27T13:46:24:  Number of observations ....: 1
2018-11-27T13:46:24:  Number of models ..........: 0
2018-11-27T13:46:24:  Number of observed events .: 7686
2018-11-27T13:46:24:  Number of predicted events : 0
2018-11-27T13:46:24: 
2018-11-27T13:46:24: +==================+
2018-11-27T13:46:24: | Save counts cube |
2018-11-27T13:46:24: +==================+
2018-11-27T13:46:24:  Counts cube file ..........: cube.fits
2018-11-27T13:46:24: 
2018-11-27T13:46:24: Application "ctbin" terminated after 32 wall clock seconds, consuming 0.202427 seconds of CPU time.
