2018-11-27T13:35:43: ********************************************************************************
2018-11-27T13:35:43: *                                   ctobssim                                   *
2018-11-27T13:35:43: * ---------------------------------------------------------------------------- *
2018-11-27T13:35:43: * Version: 1.6.0.dev1                                                          *
2018-11-27T13:35:43: ********************************************************************************
2018-11-27T13:40:37: +============+
2018-11-27T13:40:37: | Parameters |
2018-11-27T13:40:37: +============+
2018-11-27T13:40:37:  inobs .....................: NONE
2018-11-27T13:40:37:  inmodel ...................: sigma4.xml
2018-11-27T13:40:37:  caldb .....................: prod2
2018-11-27T13:40:37:  irf .......................: South_0.5h
2018-11-27T13:40:37:  edisp .....................: no
2018-11-27T13:40:37:  outevents .................: events.fits
2018-11-27T13:40:37:  prefix ....................: sim_events_
2018-11-27T13:40:37:  startindex ................: 1
2018-11-27T13:40:37:  seed ......................: 1
2018-11-27T13:40:37:  ra ........................: 220
2018-11-27T13:40:37:  dec .......................: 45
2018-11-27T13:40:37:  rad .......................: 10
2018-11-27T13:40:37:  tmin ......................: 2020-01-01T00:00:00
2018-11-27T13:40:37:  tmax ......................: 2020-01-01T00:15:00
2018-11-27T13:40:37:  emin ......................: 0.1
2018-11-27T13:40:37:  emax ......................: 100.0
2018-11-27T13:40:37:  deadc .....................: 0.98
2018-11-27T13:40:37:  maxrate ...................: 1.0e6
2018-11-27T13:40:37:  eslices ...................: 10
2018-11-27T13:40:37:  publish ...................: no
2018-11-27T13:40:37:  chatter ...................: 2
2018-11-27T13:40:37:  clobber ...................: yes
2018-11-27T13:40:37:  debug .....................: no
2018-11-27T13:40:37:  mode ......................: ql
2018-11-27T13:40:37:  logfile ...................: ctobssim.log
2018-11-27T13:40:37: 
2018-11-27T13:40:37: +================+
2018-11-27T13:40:37: | Execution mode |
2018-11-27T13:40:37: +================+
2018-11-27T13:40:37:  Event list management .....: Save and dispose (reduces memory needs)
2018-11-27T13:40:37:  Output format .............: Write single event list FITS file
2018-11-27T13:40:37: 
2018-11-27T13:40:37: +=============+
2018-11-27T13:40:37: | Seed values |
2018-11-27T13:40:37: +=============+
2018-11-27T13:40:37:  Seed 0 ....................: 9717486569
2018-11-27T13:40:37: 
2018-11-27T13:40:37: +===================+
2018-11-27T13:40:37: | Input observation |
2018-11-27T13:40:37: +===================+
2018-11-27T13:40:37: === GObservations ===
2018-11-27T13:40:37:  Number of observations ....: 1
2018-11-27T13:40:37:  Number of models ..........: 2
2018-11-27T13:40:37:  Number of observed events .: 0
2018-11-27T13:40:37:  Number of predicted events : 0
2018-11-27T13:40:37: 
2018-11-27T13:40:37: +======================+
2018-11-27T13:40:37: | Simulate observation |
2018-11-27T13:40:37: +======================+
2018-11-27T13:40:37: === CTA observation ===
2018-11-27T13:40:37:  Simulation cone ...........: RA=220 deg, Dec=45 deg, radius=10.5 deg
2018-11-27T13:40:37:  Time interval .............: 6.31109e+08 - 6.3111e+08 s
2018-11-27T13:40:37:  Photon energy range .......: 100 GeV - 199.526231496888 GeV
2018-11-27T13:40:37:  Event energy range ........: 100 GeV - 199.526231496888 GeV
2018-11-27T13:40:37:   Simulation area ..........: 5.75561e+09 cm2
2018-11-27T13:40:37:   Use model ................: Crab
2018-11-27T13:40:37:   Normalization ............: 1 [Crab]
2018-11-27T13:40:37:   Flux .....................: 1.31941e-11 [Crab] photons/cm2/s
2018-11-27T13:40:37:   Normalized flux ..........: 1.31941e-11 [Crab] photons/cm2/s
2018-11-27T13:40:37:   Photon rate ..............: 0.07594 photons/s [Crab]
2018-11-27T13:40:37:   MC source photons ........: 63 [Crab]
2018-11-27T13:40:37:   MC source events .........: 16 [Crab]
2018-11-27T13:40:37:   MC source events .........: 16 (all source models)
2018-11-27T13:40:37:  Photon energy range .......: 199.526231496888 GeV - 398.107170553497 GeV
2018-11-27T13:40:37:  Event energy range ........: 199.526231496888 GeV - 398.107170553497 GeV
2018-11-27T13:40:37:   Simulation area ..........: 1.13576e+10 cm2
2018-11-27T13:40:37:   Use model ................: Crab
2018-11-27T13:40:37:   Normalization ............: 1 [Crab]
2018-11-27T13:40:37:   Flux .....................: 4.74656e-12 [Crab] photons/cm2/s
2018-11-27T13:40:37:   Normalized flux ..........: 4.74656e-12 [Crab] photons/cm2/s
2018-11-27T13:40:37:   Photon rate ..............: 0.0539094 photons/s [Crab]
2018-11-27T13:40:37:   MC source photons ........: 56 [Crab]
2018-11-27T13:40:37:   MC source events .........: 10 [Crab]
2018-11-27T13:40:37:   MC source events .........: 10 (all source models)
2018-11-27T13:40:37:  Photon energy range .......: 398.107170553497 GeV - 794.328234724282 GeV
2018-11-27T13:40:37:  Event energy range ........: 398.107170553497 GeV - 794.328234724282 GeV
2018-11-27T13:40:37:   Simulation area ..........: 2.02963e+10 cm2
2018-11-27T13:40:37:   Use model ................: Crab
2018-11-27T13:40:37:   Normalization ............: 1 [Crab]
2018-11-27T13:40:37:   Flux .....................: 1.70757e-12 [Crab] photons/cm2/s
2018-11-27T13:40:37:   Normalized flux ..........: 1.70757e-12 [Crab] photons/cm2/s
2018-11-27T13:40:37:   Photon rate ..............: 0.0346575 photons/s [Crab]
2018-11-27T13:40:37:   MC source photons ........: 27 [Crab]
2018-11-27T13:40:37:   MC source events .........: 8 [Crab]
2018-11-27T13:40:37:   MC source events .........: 8 (all source models)
2018-11-27T13:40:37:  Photon energy range .......: 794.328234724282 GeV - 1.58489319246111 TeV
2018-11-27T13:40:37:  Event energy range ........: 794.328234724282 GeV - 1.58489319246111 TeV
2018-11-27T13:40:37:   Simulation area ..........: 3.61308e+10 cm2
2018-11-27T13:40:37:   Use model ................: Crab
2018-11-27T13:40:37:   Normalization ............: 1 [Crab]
2018-11-27T13:40:37:   Flux .....................: 6.14298e-13 [Crab] photons/cm2/s
2018-11-27T13:40:37:   Normalized flux ..........: 6.14298e-13 [Crab] photons/cm2/s
2018-11-27T13:40:37:   Photon rate ..............: 0.0221951 photons/s [Crab]
2018-11-27T13:40:37:   MC source photons ........: 18 [Crab]
2018-11-27T13:40:37:   MC source events .........: 8 [Crab]
2018-11-27T13:40:37:   MC source events .........: 8 (all source models)
2018-11-27T13:40:37:  Photon energy range .......: 1.58489319246111 TeV - 3.16227766016838 TeV
2018-11-27T13:40:37:  Event energy range ........: 1.58489319246111 TeV - 3.16227766016838 TeV
2018-11-27T13:40:37:   Simulation area ..........: 5.53917e+10 cm2
2018-11-27T13:40:37:   Use model ................: Crab
2018-11-27T13:40:37:   Normalization ............: 1 [Crab]
2018-11-27T13:40:37:   Flux .....................: 2.20993e-13 [Crab] photons/cm2/s
2018-11-27T13:40:37:   Normalized flux ..........: 2.20993e-13 [Crab] photons/cm2/s
2018-11-27T13:40:37:   Photon rate ..............: 0.0122412 photons/s [Crab]
2018-11-27T13:40:37:   MC source photons ........: 16 [Crab]
2018-11-27T13:40:37:   MC source events .........: 6 [Crab]
2018-11-27T13:40:37:   MC source events .........: 6 (all source models)
2018-11-27T13:40:37:  Photon energy range .......: 3.16227766016838 TeV - 6.30957344480193 TeV
2018-11-27T13:40:37:  Event energy range ........: 3.16227766016838 TeV - 6.30957344480193 TeV
2018-11-27T13:40:37:   Simulation area ..........: 7.06201e+10 cm2
2018-11-27T13:40:37:   Use model ................: Crab
2018-11-27T13:40:37:   Normalization ............: 1 [Crab]
2018-11-27T13:40:37:   Flux .....................: 7.95022e-14 [Crab] photons/cm2/s
2018-11-27T13:40:37:   Normalized flux ..........: 7.95022e-14 [Crab] photons/cm2/s
2018-11-27T13:40:37:   Photon rate ..............: 0.00561445 photons/s [Crab]
2018-11-27T13:40:37:   MC source photons ........: 7 [Crab]
2018-11-27T13:40:37:   MC source events .........: 5 [Crab]
2018-11-27T13:40:37:   MC source events .........: 5 (all source models)
2018-11-27T13:40:37:  Photon energy range .......: 6.30957344480193 TeV - 12.5892541179417 TeV
2018-11-27T13:40:37:  Event energy range ........: 6.30957344480193 TeV - 12.5892541179417 TeV
2018-11-27T13:40:37:   Simulation area ..........: 7.88321e+10 cm2
2018-11-27T13:40:37:   Use model ................: Crab
2018-11-27T13:40:37:   Normalization ............: 1 [Crab]
2018-11-27T13:40:37:   Flux .....................: 2.86009e-14 [Crab] photons/cm2/s
2018-11-27T13:40:37:   Normalized flux ..........: 2.86009e-14 [Crab] photons/cm2/s
2018-11-27T13:40:37:   Photon rate ..............: 0.00225467 photons/s [Crab]
2018-11-27T13:40:37:   MC source photons ........: 5 [Crab]
2018-11-27T13:40:37:   MC source events .........: 3 [Crab]
2018-11-27T13:40:37:   MC source events .........: 3 (all source models)
2018-11-27T13:40:37:  Photon energy range .......: 12.5892541179417 TeV - 25.1188643150958 TeV
2018-11-27T13:40:37:  Event energy range ........: 12.5892541179417 TeV - 25.1188643150958 TeV
2018-11-27T13:40:37:   Simulation area ..........: 8.05758e+10 cm2
2018-11-27T13:40:37:   Use model ................: Crab
2018-11-27T13:40:37:   Normalization ............: 1 [Crab]
2018-11-27T13:40:37:   Flux .....................: 1.02891e-14 [Crab] photons/cm2/s
2018-11-27T13:40:37:   Normalized flux ..........: 1.02891e-14 [Crab] photons/cm2/s
2018-11-27T13:40:37:   Photon rate ..............: 0.000829056 photons/s [Crab]
2018-11-27T13:40:37:   MC source photons ........: 2 [Crab]
2018-11-27T13:40:37:   MC source events .........: 0 [Crab]
2018-11-27T13:40:37:   MC source events .........: 0 (all source models)
2018-11-27T13:40:37:  Photon energy range .......: 25.1188643150958 TeV - 50.1187233627271 TeV
2018-11-27T13:40:37:  Event energy range ........: 25.1188643150958 TeV - 50.1187233627271 TeV
2018-11-27T13:40:37:   Simulation area ..........: 8.10299e+10 cm2
2018-11-27T13:40:37:   Use model ................: Crab
2018-11-27T13:40:37:   Normalization ............: 1 [Crab]
2018-11-27T13:40:37:   Flux .....................: 3.70151e-15 [Crab] photons/cm2/s
2018-11-27T13:40:37:   Normalized flux ..........: 3.70151e-15 [Crab] photons/cm2/s
2018-11-27T13:40:37:   Photon rate ..............: 0.000299933 photons/s [Crab]
2018-11-27T13:40:37:   MC source photons ........: 1 [Crab]
2018-11-27T13:40:37:   MC source events .........: 1 [Crab]
2018-11-27T13:40:37:   MC source events .........: 1 (all source models)
2018-11-27T13:40:37:  Photon energy range .......: 50.1187233627271 TeV - 100 TeV
2018-11-27T13:40:37:  Event energy range ........: 50.1187233627271 TeV - 100 TeV
2018-11-27T13:40:37:   Simulation area ..........: 8.25584e+10 cm2
2018-11-27T13:40:37:   Use model ................: Crab
2018-11-27T13:40:37:   Normalization ............: 1 [Crab]
2018-11-27T13:40:37:   Flux .....................: 1.33162e-15 [Crab] photons/cm2/s
2018-11-27T13:40:37:   Normalized flux ..........: 1.33162e-15 [Crab] photons/cm2/s
2018-11-27T13:40:37:   Photon rate ..............: 0.000109936 photons/s [Crab]
2018-11-27T13:40:37:   MC source photons ........: 0 [Crab]
2018-11-27T13:40:37:   MC source events .........: 0 [Crab]
2018-11-27T13:40:37:   MC source events .........: 0 (all source models)
2018-11-27T13:40:37:  MC source photons .........: 195 [Crab]
2018-11-27T13:40:37:  MC source events ..........: 57 [Crab]
2018-11-27T13:40:46:  MC events outside ROI .....: 0
2018-11-27T13:40:46:  MC background events ......: 9938
2018-11-27T13:40:46:  MC identifier 1 ...........: Crab
2018-11-27T13:40:46:  MC identifier 2 ...........: CTABackgroundModel
2018-11-27T13:40:46:  MC events .................: 9995 (all models)
2018-11-27T13:40:46: 
2018-11-27T13:40:46: +==================+
2018-11-27T13:40:46: | Save observation |
2018-11-27T13:40:46: +==================+
2018-11-27T13:40:46: 
2018-11-27T13:40:46: Application "ctobssim" terminated after 303 wall clock seconds, consuming 8.77562 seconds of CPU time.
