2018-11-27T13:43:06: ********************************************************************************
2018-11-27T13:43:06: *                                   ctselect                                   *
2018-11-27T13:43:06: * ---------------------------------------------------------------------------- *
2018-11-27T13:43:06: * Version: 1.6.0.dev1                                                          *
2018-11-27T13:43:06: ********************************************************************************
2018-11-27T13:44:49: +============+
2018-11-27T13:44:49: | Parameters |
2018-11-27T13:44:49: +============+
2018-11-27T13:44:49:  inobs .....................: events.fits
2018-11-27T13:44:49:  outobs ....................: selected_events.fits
2018-11-27T13:44:49:  prefix ....................: selected_
2018-11-27T13:44:49:  usepnt ....................: no
2018-11-27T13:44:49:  ra ........................: 220
2018-11-27T13:44:49:  dec .......................: 45
2018-11-27T13:44:49:  rad .......................: 0.2
2018-11-27T13:44:49:  tmin ......................: 2020-01-01T00:00:00
2018-11-27T13:44:49:  tmax ......................: 2020-01-01T00:15:00
2018-11-27T13:44:49:  emin ......................: 0.1
2018-11-27T13:44:49:  emax ......................: 100
2018-11-27T13:44:49:  phase .....................: NONE
2018-11-27T13:44:49:  expr ......................: 
2018-11-27T13:44:49:  usethres ..................: NONE
2018-11-27T13:44:49:  publish ...................: no
2018-11-27T13:44:49:  chatter ...................: 2
2018-11-27T13:44:49:  clobber ...................: yes
2018-11-27T13:44:49:  debug .....................: no
2018-11-27T13:44:49:  mode ......................: ql
2018-11-27T13:44:49:  logfile ...................: ctselect.log
2018-11-27T13:44:49: 
2018-11-27T13:44:49: +===================+
2018-11-27T13:44:49: | Input observation |
2018-11-27T13:44:49: +===================+
2018-11-27T13:44:49: === GObservations ===
2018-11-27T13:44:49:  Number of observations ....: 1
2018-11-27T13:44:49:  Number of models ..........: 0
2018-11-27T13:44:49:  Number of observed events .: 9995
2018-11-27T13:44:49:  Number of predicted events : 0
2018-11-27T13:44:49: 
2018-11-27T13:44:49: +=================+
2018-11-27T13:44:49: | Event selection |
2018-11-27T13:44:49: +=================+
2018-11-27T13:44:49: === CTA observation (id=000001) ===
2018-11-27T13:44:49:  Input filename ............: events.fits
2018-11-27T13:44:49:  Event extension name ......: EVENTS
2018-11-27T13:44:49:  GTI extension name ........: GTI
2018-11-27T13:44:49: === Event selection ===
2018-11-27T13:44:49:  Time range (MJD) ..........: 58849.0008007407 - 58849.0112174074 days
2018-11-27T13:44:49:  Time range (UTC) ..........: 2020-01-01T00:00:00 - 2020-01-01T00:15:00
2018-11-27T13:44:49:  Time range (MET) ..........: 631108869.184 - 631109769.184 seconds
2018-11-27T13:44:49:  Selected energy range .....: 0.1 - 100 TeV
2018-11-27T13:44:49:  Requested RoI .............: Centre(RA,DEC)=(220, 45) deg, Radius=0.2 deg
2018-11-27T13:44:49:  RoI of data ...............: Centre(RA,DEC)=(220, 45) deg, Radius=10 deg
2018-11-27T13:44:49:  Selected RoI ..............: Centre(RA,DEC)=(220, 45) deg, Radius=0.2 deg
2018-11-27T13:44:49:  cfitsio selection .........: TIME >= 631108869.18399978 && TIME <= 631109769.18399954 && ENERGY >= 0.10000000 && ENERGY <= 100.00000000 && ANGSEP(220.000000,45.000000,RA,DEC) <= 0.200000
2018-11-27T13:44:49:  FITS filename .............: /tmp/fileHBQwaQ[EVENTS][TIME >= 631108869.18399978 && TIME <= 631109769.18399954 && ENERGY >= 0.10000000 && ENERGY <= 100.00000000 && ANGSEP(220.000000,45.000000,RA,DEC) <= 0.200000]
2018-11-27T13:44:49: 
2018-11-27T13:44:49: +====================+
2018-11-27T13:44:49: | Output observation |
2018-11-27T13:44:49: +====================+
2018-11-27T13:44:49: === GObservations ===
2018-11-27T13:44:49:  Number of observations ....: 1
2018-11-27T13:44:49:  Number of models ..........: 0
2018-11-27T13:44:49:  Number of observed events .: 181
2018-11-27T13:44:49:  Number of predicted events : 0
2018-11-27T13:44:49: 
2018-11-27T13:44:49: +=================+
2018-11-27T13:44:49: | Save event list |
2018-11-27T13:44:49: +=================+
2018-11-27T13:44:49:  Event list file ...........: selected_events.fits[EVENTS]
2018-11-27T13:44:49: 
2018-11-27T13:44:49: Application "ctselect" terminated after 103 wall clock seconds, consuming 0.039854 seconds of CPU time.
